Configuration file: /home/victorrr/Downloads/hiwiwebsiteaddingnewstuff/ag-comp-arith-geom/_config.yml
            Source: /home/victorrr/Downloads/hiwiwebsiteaddingnewstuff/ag-comp-arith-geom
       Destination: /home/victorrr/Downloads/hiwiwebsiteaddingnewstuff/ag-comp-arith-geom/_site
 Incremental build: disabled. Enable with --incremental
      Generating... 
Generated search data for 216 items
       Jekyll Feed: Generating feed for posts
                    done in 5.017 seconds.
 Auto-regeneration: enabled for '/home/victorrr/Downloads/hiwiwebsiteaddingnewstuff/ag-comp-arith-geom'
    Server address: http://0.0.0.0:4000/ag-comp-arith-geom/
  Server running... press ctrl-c to stop.
      Regenerating: 1 file(s) changed at 2025-08-21 20:23:04
                    nohup.out
Generated search data for 216 items
       Jekyll Feed: Generating feed for posts
                    ...done in 5.585431335 seconds.
                    
      Regenerating: 2 file(s) changed at 2025-08-21 20:23:10
                    nohup.out
                    assets/search-data.json
Generated search data for 216 items
       Jekyll Feed: Generating feed for posts
                    ...done in 2.328415805 seconds.
                    
      Regenerating: 3 file(s) changed at 2025-08-21 20:23:12
                    _pages/members.md
                    nohup.out
                    assets/search-data.json
Generated search data for 216 items
       Jekyll Feed: Generating feed for posts
                    ...done in 2.180768814 seconds.
                    
      Regenerating: 2 file(s) changed at 2025-08-21 20:23:15
                    nohup.out
                    assets/search-data.json
Generated search data for 216 items
       Jekyll Feed: Generating feed for posts
                    ...done in 2.138353272 seconds.
                    
      Regenerating: 2 file(s) changed at 2025-08-21 20:23:17
                    nohup.out
                    assets/search-data.json
Generated search data for 216 items
       Jekyll Feed: Generating feed for posts
                    ...done in 2.165100279 seconds.
                    
      Regenerating: 2 file(s) changed at 2025-08-21 20:23:19
                    nohup.out
                    assets/search-data.json
Generated search data for 216 items
       Jekyll Feed: Generating feed for posts
                    ...done in 2.736429157 seconds.
                    
      Regenerating: 2 file(s) changed at 2025-08-21 20:23:22
                    nohup.out
                    assets/search-data.json
Generated search data for 216 items
       Jekyll Feed: Generating feed for posts
                    ...done in 2.08853612 seconds.
                    
      Regenerating: 2 file(s) changed at 2025-08-21 20:23:24
                    nohup.out
                    assets/search-data.json
Generated search data for 216 items
       Jekyll Feed: Generating feed for posts
                    ...done in 2.499754214 seconds.
                    
      Regenerating: 2 file(s) changed at 2025-08-21 20:23:27
                    nohup.out
                    assets/search-data.json
Generated search data for 216 items
       Jekyll Feed: Generating feed for posts
                    ...done in 2.7139565 seconds.
                    
      Regenerating: 2 file(s) changed at 2025-08-21 20:23:30
                    nohup.out
                    assets/search-data.json
Generated search data for 216 items
       Jekyll Feed: Generating feed for posts
                    ...done in 2.507829496 seconds.
                    
      Regenerating: 2 file(s) changed at 2025-08-21 20:23:32
                    nohup.out
                    assets/search-data.json
Generated search data for 216 items
       Jekyll Feed: Generating feed for posts
                    ...done in 3.664197049 seconds.
                    
      Regenerating: 2 file(s) changed at 2025-08-21 20:23:36
                    nohup.out
                    assets/search-data.json
Generated search data for 216 items
       Jekyll Feed: Generating feed for posts
                    ...done in 2.710816073 seconds.
                    
      Regenerating: 3 file(s) changed at 2025-08-21 20:23:39
                    nohup.out
                    assets/search-data.json
                    _pages/members.md
Generated search data for 216 items
       Jekyll Feed: Generating feed for posts
                    ...done in 2.830672964 seconds.
                    
      Regenerating: 2 file(s) changed at 2025-08-21 20:23:42
                    nohup.out
                    assets/search-data.json
Generated search data for 216 items
       Jekyll Feed: Generating feed for posts
                    ...done in 2.399918553 seconds.
                    
      Regenerating: 3 file(s) changed at 2025-08-21 20:23:44
                    nohup.out
                    assets/search-data.json
                    _pages/members.md
Generated search data for 216 items
       Jekyll Feed: Generating feed for posts
                    ...done in 2.52185828 seconds.
                    
      Regenerating: 2 file(s) changed at 2025-08-21 20:23:47
                    nohup.out
                    assets/search-data.json
Generated search data for 216 items
       Jekyll Feed: Generating feed for posts
                    ...done in 2.80399529 seconds.
                    
      Regenerating: 2 file(s) changed at 2025-08-21 20:23:50
                    nohup.out
                    assets/search-data.json
Generated search data for 216 items
       Jekyll Feed: Generating feed for posts
                    ...done in 2.619999055 seconds.
                    
      Regenerating: 2 file(s) changed at 2025-08-21 20:23:53
                    nohup.out
                    assets/search-data.json
Generated search data for 216 items
       Jekyll Feed: Generating feed for posts
                    ...done in 3.492813039 seconds.
                    
      Regenerating: 3 file(s) changed at 2025-08-21 20:23:56
                    nohup.out
                    assets/search-data.json
                    _pages/members.md
Generated search data for 216 items
       Jekyll Feed: Generating feed for posts
                    ...done in 2.382423554 seconds.
                    
      Regenerating: 2 file(s) changed at 2025-08-21 20:23:59
                    nohup.out
                    assets/search-data.json
Generated search data for 216 items
       Jekyll Feed: Generating feed for posts
                    ...done in 2.819047108 seconds.
                    
      Regenerating: 3 file(s) changed at 2025-08-21 20:24:02
                    nohup.out
                    assets/search-data.json
                    _pages/members.md
Generated search data for 216 items
       Jekyll Feed: Generating feed for posts
                    ...done in 2.172380664 seconds.
                    
      Regenerating: 2 file(s) changed at 2025-08-21 20:24:04
                    nohup.out
                    assets/search-data.json
Generated search data for 216 items
       Jekyll Feed: Generating feed for posts
                    ...done in 2.634330478 seconds.
                    
      Regenerating: 2 file(s) changed at 2025-08-21 20:24:07
                    nohup.out
                    assets/search-data.json
Generated search data for 216 items
       Jekyll Feed: Generating feed for posts
                    ...done in 3.660453946 seconds.
                    
      Regenerating: 3 file(s) changed at 2025-08-21 20:24:10
                    nohup.out
                    assets/search-data.json
                    _pages/members.md
Generated search data for 216 items
       Jekyll Feed: Generating feed for posts
                    ...done in 3.060168613 seconds.
                    
      Regenerating: 2 file(s) changed at 2025-08-21 20:24:14
                    nohup.out
                    assets/search-data.json
Generated search data for 216 items
       Jekyll Feed: Generating feed for posts
[2025-08-21 20:24:16] ERROR '/assets/img/paola-chilla.jpg' not found.
[2025-08-21 20:24:16] ERROR '/assets/img/alireza-shavali.jpg' not found.
[2025-08-21 20:24:16] ERROR '/assets/img/theresa-kaiser.jpg' not found.
[2025-08-21 20:24:16] ERROR '/assets/img/astrid-cederbaum.jpg' not found.
[2025-08-21 20:24:16] ERROR '/assets/img/gebhard-boeckle.jpg' not found.
[2025-08-21 20:24:16] ERROR '/assets/img/sriram-chinthalagiri-venkata.jpg' not found.
[2025-08-21 20:24:16] ERROR '/assets/img/dr-rudolph-perkins.jpg' not found.
[2025-08-21 20:24:16] ERROR '/assets/img/giacomo-hermes-ferraro.jpg' not found.
[2025-08-21 20:24:16] ERROR '/assets/img/gebhard-boeckle.jpg' not found.
[2025-08-21 20:24:16] ERROR '/assets/img/alireza-shavali.jpg' not found.
[2025-08-21 20:24:16] ERROR '/assets/img/sriram-chinthalagiri-venkata.jpg' not found.
[2025-08-21 20:24:16] ERROR '/assets/img/astrid-cederbaum.jpg' not found.
[2025-08-21 20:24:16] ERROR '/assets/img/paola-chilla.jpg' not found.
[2025-08-21 20:24:16] ERROR '/assets/img/theresa-kaiser.jpg' not found.
[2025-08-21 20:24:16] ERROR '/assets/img/giacomo-hermes-ferraro.jpg' not found.
[2025-08-21 20:24:16] ERROR '/assets/img/dr-rudolph-perkins.jpg' not found.
                    ...done in 4.490156988 seconds.
                    
      Regenerating: 3 file(s) changed at 2025-08-21 20:24:18
                    nohup.out
                    assets/search-data.json
                    _pages/members.md
Generated search data for 216 items
       Jekyll Feed: Generating feed for posts
                    ...done in 2.537225625 seconds.
                    
      Regenerating: 2 file(s) changed at 2025-08-21 20:24:21
                    nohup.out
                    assets/search-data.json
Generated search data for 216 items
       Jekyll Feed: Generating feed for posts
                    ...done in 1.746556718 seconds.
                    
      Regenerating: 2 file(s) changed at 2025-08-21 20:24:23
                    nohup.out
                    assets/search-data.json
Generated search data for 216 items
       Jekyll Feed: Generating feed for posts
                    ...done in 2.228034081 seconds.
                    
      Regenerating: 2 file(s) changed at 2025-08-21 20:24:25
                    nohup.out
                    assets/search-data.json
Generated search data for 216 items
       Jekyll Feed: Generating feed for posts
                    ...done in 2.322894305 seconds.
                    
      Regenerating: 2 file(s) changed at 2025-08-21 20:24:27
                    nohup.out
                    assets/search-data.json
Generated search data for 216 items
       Jekyll Feed: Generating feed for posts
                    ...done in 2.801513065 seconds.
                    
      Regenerating: 2 file(s) changed at 2025-08-21 20:24:30
                    nohup.out
                    assets/search-data.json
Generated search data for 216 items
       Jekyll Feed: Generating feed for posts
                    ...done in 2.740728732 seconds.
                    
      Regenerating: 2 file(s) changed at 2025-08-21 20:24:33
                    nohup.out
                    assets/search-data.json
Generated search data for 216 items
       Jekyll Feed: Generating feed for posts
[2025-08-21 20:24:35] ERROR '/assets/img/alireza-shavali.jpg' not found.
[2025-08-21 20:24:35] ERROR '/assets/img/sriram-chinthalagiri-venkata.jpg' not found.
[2025-08-21 20:24:35] ERROR '/assets/img/giacomo-hermes-ferraro.jpg' not found.
[2025-08-21 20:24:35] ERROR '/assets/img/dr-rudolph-perkins.jpg' not found.
[2025-08-21 20:24:35] ERROR '/assets/img/paola-chilla.jpg' not found.
[2025-08-21 20:24:35] ERROR '/assets/img/theresa-kaiser.jpg' not found.
[2025-08-21 20:24:35] ERROR '/assets/img/astrid-cederbaum.jpg' not found.
[2025-08-21 20:24:35] ERROR '/assets/img/gebhard-boeckle.jpg' not found.
[2025-08-21 20:24:35] ERROR '/assets/img/gebhard-boeckle.jpg' not found.
[2025-08-21 20:24:35] ERROR '/assets/img/astrid-cederbaum.jpg' not found.
[2025-08-21 20:24:35] ERROR '/assets/img/sriram-chinthalagiri-venkata.jpg' not found.
[2025-08-21 20:24:35] ERROR '/assets/img/alireza-shavali.jpg' not found.
[2025-08-21 20:24:35] ERROR '/assets/img/theresa-kaiser.jpg' not found.
[2025-08-21 20:24:35] ERROR '/assets/img/paola-chilla.jpg' not found.
[2025-08-21 20:24:35] ERROR '/assets/img/dr-rudolph-perkins.jpg' not found.
[2025-08-21 20:24:35] ERROR '/assets/img/giacomo-hermes-ferraro.jpg' not found.
                    ...done in 2.580579043 seconds.
                    
      Regenerating: 2 file(s) changed at 2025-08-21 20:24:36
                    nohup.out
                    assets/search-data.json
Generated search data for 216 items
       Jekyll Feed: Generating feed for posts
                    ...done in 2.077492464 seconds.
                    
      Regenerating: 2 file(s) changed at 2025-08-21 20:24:38
                    nohup.out
                    assets/search-data.json
Generated search data for 216 items
       Jekyll Feed: Generating feed for posts
                    ...done in 2.299023312 seconds.
                    
      Regenerating: 2 file(s) changed at 2025-08-21 20:24:40
                    nohup.out
                    assets/search-data.json
Generated search data for 216 items
       Jekyll Feed: Generating feed for posts
                    ...done in 2.911677801 seconds.
                    
      Regenerating: 2 file(s) changed at 2025-08-21 20:24:43
                    nohup.out
                    assets/search-data.json
Generated search data for 216 items
       Jekyll Feed: Generating feed for posts
                    ...done in 2.444139438 seconds.
                    
      Regenerating: 2 file(s) changed at 2025-08-21 20:24:46
                    nohup.out
                    assets/search-data.json
Generated search data for 216 items
       Jekyll Feed: Generating feed for posts
                    ...done in 1.857130269 seconds.
                    
      Regenerating: 2 file(s) changed at 2025-08-21 20:24:48
                    nohup.out
                    assets/search-data.json
Generated search data for 216 items
       Jekyll Feed: Generating feed for posts
                    ...done in 1.699846001 seconds.
                    
      Regenerating: 2 file(s) changed at 2025-08-21 20:24:50
                    nohup.out
                    assets/search-data.json
Generated search data for 216 items
       Jekyll Feed: Generating feed for posts
                    ...done in 2.798705961 seconds.
                    
      Regenerating: 2 file(s) changed at 2025-08-21 20:24:53
                    nohup.out
                    assets/search-data.json
Generated search data for 216 items
       Jekyll Feed: Generating feed for posts
                    ...done in 3.023930123 seconds.
                    
      Regenerating: 2 file(s) changed at 2025-08-21 20:24:56
                    nohup.out
                    assets/search-data.json
Generated search data for 216 items
       Jekyll Feed: Generating feed for posts
                    ...done in 2.481525916 seconds.
                    
      Regenerating: 2 file(s) changed at 2025-08-21 20:24:58
                    nohup.out
                    assets/search-data.json
Generated search data for 216 items
       Jekyll Feed: Generating feed for posts
                    ...done in 1.652428335 seconds.
                    
      Regenerating: 2 file(s) changed at 2025-08-21 20:25:00
                    nohup.out
                    assets/search-data.json
Generated search data for 216 items
       Jekyll Feed: Generating feed for posts
                    ...done in 2.109101993 seconds.
                    
      Regenerating: 2 file(s) changed at 2025-08-21 20:25:02
                    nohup.out
                    assets/search-data.json
Generated search data for 216 items
       Jekyll Feed: Generating feed for posts
                    ...done in 2.475024466 seconds.
                    
      Regenerating: 3 file(s) changed at 2025-08-21 20:25:05
                    nohup.out
                    assets/search-data.json
                    _pages/members.md
Generated search data for 216 items
       Jekyll Feed: Generating feed for posts
                    ...done in 2.804858763 seconds.
                    
      Regenerating: 2 file(s) changed at 2025-08-21 20:25:08
                    nohup.out
                    assets/search-data.json
Generated search data for 216 items
       Jekyll Feed: Generating feed for posts
                    ...done in 1.786383825 seconds.
                    
      Regenerating: 2 file(s) changed at 2025-08-21 20:25:10
                    nohup.out
                    assets/search-data.json
Generated search data for 216 items
       Jekyll Feed: Generating feed for posts
                    ...done in 1.844350606 seconds.
                    
      Regenerating: 2 file(s) changed at 2025-08-21 20:25:12
                    nohup.out
                    assets/search-data.json
Generated search data for 216 items
       Jekyll Feed: Generating feed for posts
                    ...done in 2.067239794 seconds.
                    
      Regenerating: 2 file(s) changed at 2025-08-21 20:25:14
                    nohup.out
                    assets/search-data.json
Generated search data for 216 items
       Jekyll Feed: Generating feed for posts
                    ...done in 2.836510875 seconds.
                    
      Regenerating: 2 file(s) changed at 2025-08-21 20:25:17
                    nohup.out
                    assets/search-data.json
Generated search data for 216 items
       Jekyll Feed: Generating feed for posts
[2025-08-21 20:25:20] ERROR '/assets/img/paola-chilla.jpg' not found.
[2025-08-21 20:25:20] ERROR '/assets/img/alireza-shavali.jpg' not found.
[2025-08-21 20:25:20] ERROR '/assets/img/theresa-kaiser.jpg' not found.
[2025-08-21 20:25:20] ERROR '/assets/img/sriram-chinthalagiri-venkata.jpg' not found.
[2025-08-21 20:25:20] ERROR '/assets/img/astrid-cederbaum.jpg' not found.
[2025-08-21 20:25:20] ERROR '/assets/img/gebhard-boeckle.jpg' not found.
[2025-08-21 20:25:20] ERROR '/assets/img/dr-rudolph-perkins.jpg' not found.
[2025-08-21 20:25:20] ERROR '/assets/img/giacomo-hermes-ferraro.jpg' not found.
                    ...done in 3.137995015 seconds.
                    
[2025-08-21 20:25:20] ERROR '/assets/img/gebhard-boeckle.jpg' not found.
[2025-08-21 20:25:20] ERROR '/assets/img/paola-chilla.jpg' not found.
[2025-08-21 20:25:20] ERROR '/assets/img/astrid-cederbaum.jpg' not found.
[2025-08-21 20:25:20] ERROR '/assets/img/sriram-chinthalagiri-venkata.jpg' not found.
[2025-08-21 20:25:20] ERROR '/assets/img/theresa-kaiser.jpg' not found.
[2025-08-21 20:25:20] ERROR '/assets/img/alireza-shavali.jpg' not found.
[2025-08-21 20:25:20] ERROR '/assets/img/giacomo-hermes-ferraro.jpg' not found.
[2025-08-21 20:25:20] ERROR '/assets/img/dr-rudolph-perkins.jpg' not found.
      Regenerating: 2 file(s) changed at 2025-08-21 20:25:20
                    nohup.out
                    assets/search-data.json
Generated search data for 216 items
       Jekyll Feed: Generating feed for posts
[2025-08-21 20:25:21] ERROR '/teaching/' not found.
                    ...done in 2.536242035 seconds.
                    
      Regenerating: 2 file(s) changed at 2025-08-21 20:25:23
                    nohup.out
                    assets/search-data.json
Generated search data for 216 items
       Jekyll Feed: Generating feed for posts
                    ...done in 2.381353734 seconds.
                    
      Regenerating: 2 file(s) changed at 2025-08-21 20:25:25
                    nohup.out
                    assets/search-data.json
Generated search data for 216 items
       Jekyll Feed: Generating feed for posts
                    ...done in 2.547994526 seconds.
                    
      Regenerating: 2 file(s) changed at 2025-08-21 20:25:28
                    nohup.out
                    assets/search-data.json
Generated search data for 216 items
       Jekyll Feed: Generating feed for posts
                    ...done in 3.024916739 seconds.
                    
      Regenerating: 2 file(s) changed at 2025-08-21 20:25:31
                    nohup.out
                    assets/search-data.json
Generated search data for 216 items
       Jekyll Feed: Generating feed for posts
                    ...done in 2.568771974 seconds.
                    
      Regenerating: 2 file(s) changed at 2025-08-21 20:25:33
                    nohup.out
                    assets/search-data.json
Generated search data for 216 items
       Jekyll Feed: Generating feed for posts
                    ...done in 2.12982028 seconds.
                    
      Regenerating: 2 file(s) changed at 2025-08-21 20:25:36
                    nohup.out
                    assets/search-data.json
Generated search data for 216 items
       Jekyll Feed: Generating feed for posts
                    ...done in 1.946325752 seconds.
                    
      Regenerating: 2 file(s) changed at 2025-08-21 20:25:38
                    nohup.out
                    assets/search-data.json
Generated search data for 216 items
       Jekyll Feed: Generating feed for posts
                    ...done in 2.474857279 seconds.
                    
      Regenerating: 2 file(s) changed at 2025-08-21 20:25:40
                    nohup.out
                    assets/search-data.json
Generated search data for 216 items
       Jekyll Feed: Generating feed for posts
                    ...done in 1.719304505 seconds.
                    
      Regenerating: 2 file(s) changed at 2025-08-21 20:25:42
                    nohup.out
                    assets/search-data.json
Generated search data for 216 items
       Jekyll Feed: Generating feed for posts
                    ...done in 2.968081098 seconds.
                    
      Regenerating: 2 file(s) changed at 2025-08-21 20:25:45
                    nohup.out
                    assets/search-data.json
Generated search data for 216 items
       Jekyll Feed: Generating feed for posts
                    ...done in 2.077975225 seconds.
                    
      Regenerating: 2 file(s) changed at 2025-08-21 20:25:47
                    nohup.out
                    assets/search-data.json
Generated search data for 216 items
       Jekyll Feed: Generating feed for posts
                    ...done in 2.084511972 seconds.
                    
      Regenerating: 2 file(s) changed at 2025-08-21 20:25:50
                    nohup.out
                    assets/search-data.json
Generated search data for 216 items
       Jekyll Feed: Generating feed for posts
                    ...done in 2.2094161 seconds.
                    
      Regenerating: 2 file(s) changed at 2025-08-21 20:25:52
                    nohup.out
                    assets/search-data.json
Generated search data for 216 items
       Jekyll Feed: Generating feed for posts
                    ...done in 1.731882968 seconds.
                    
      Regenerating: 2 file(s) changed at 2025-08-21 20:25:54
                    nohup.out
                    assets/search-data.json
Generated search data for 216 items
       Jekyll Feed: Generating feed for posts
                    ...done in 1.818464039 seconds.
                    
      Regenerating: 2 file(s) changed at 2025-08-21 20:25:56
                    nohup.out
                    assets/search-data.json
Generated search data for 216 items
       Jekyll Feed: Generating feed for posts
                    ...done in 1.828564105 seconds.
                    
      Regenerating: 2 file(s) changed at 2025-08-21 20:25:58
                    nohup.out
                    assets/search-data.json
Generated search data for 216 items
       Jekyll Feed: Generating feed for posts
                    ...done in 2.469505332 seconds.
                    
      Regenerating: 2 file(s) changed at 2025-08-21 20:26:00
                    nohup.out
                    assets/search-data.json
Generated search data for 216 items
       Jekyll Feed: Generating feed for posts
                    ...done in 2.081731141 seconds.
                    
      Regenerating: 2 file(s) changed at 2025-08-21 20:26:02
                    nohup.out
                    assets/search-data.json
Generated search data for 216 items
       Jekyll Feed: Generating feed for posts
[2025-08-21 20:26:04] ERROR '/teaching/' not found.
                    ...done in 2.18296235 seconds.
                    
      Regenerating: 2 file(s) changed at 2025-08-21 20:26:05
                    nohup.out
                    assets/search-data.json
Generated search data for 216 items
       Jekyll Feed: Generating feed for posts
                    ...done in 1.658662339 seconds.
                    
      Regenerating: 2 file(s) changed at 2025-08-21 20:26:06
                    nohup.out
                    assets/search-data.json
Generated search data for 216 items
       Jekyll Feed: Generating feed for posts
                    ...done in 1.636223568 seconds.
                    
      Regenerating: 2 file(s) changed at 2025-08-21 20:26:08
                    nohup.out
                    assets/search-data.json
Generated search data for 216 items
       Jekyll Feed: Generating feed for posts
                    ...done in 1.703996908 seconds.
                    
      Regenerating: 2 file(s) changed at 2025-08-21 20:26:10
                    nohup.out
                    assets/search-data.json
Generated search data for 216 items
       Jekyll Feed: Generating feed for posts
                    ...done in 1.740320993 seconds.
                    
      Regenerating: 2 file(s) changed at 2025-08-21 20:26:12
                    nohup.out
                    assets/search-data.json
Generated search data for 216 items
       Jekyll Feed: Generating feed for posts
                    ...done in 2.871361604 seconds.
                    
      Regenerating: 2 file(s) changed at 2025-08-21 20:26:15
                    nohup.out
                    assets/search-data.json
Generated search data for 216 items
       Jekyll Feed: Generating feed for posts
                    ...done in 1.665483939 seconds.
                    
      Regenerating: 2 file(s) changed at 2025-08-21 20:26:17
                    nohup.out
                    assets/search-data.json
Generated search data for 216 items
       Jekyll Feed: Generating feed for posts
                    ...done in 1.852199148 seconds.
                    
      Regenerating: 2 file(s) changed at 2025-08-21 20:26:18
                    nohup.out
                    assets/search-data.json
Generated search data for 216 items
       Jekyll Feed: Generating feed for posts
                    ...done in 1.759360961 seconds.
                    
      Regenerating: 2 file(s) changed at 2025-08-21 20:26:20
                    nohup.out
                    assets/search-data.json
Generated search data for 216 items
       Jekyll Feed: Generating feed for posts
                    ...done in 1.878170806 seconds.
                    
      Regenerating: 2 file(s) changed at 2025-08-21 20:26:22
                    nohup.out
                    assets/search-data.json
Generated search data for 216 items
       Jekyll Feed: Generating feed for posts
                    ...done in 1.808646534 seconds.
                    
      Regenerating: 2 file(s) changed at 2025-08-21 20:26:24
                    nohup.out
                    assets/search-data.json
Generated search data for 216 items
       Jekyll Feed: Generating feed for posts
                    ...done in 2.173614496 seconds.
                    
      Regenerating: 2 file(s) changed at 2025-08-21 20:26:27
                    nohup.out
                    assets/search-data.json
Generated search data for 216 items
       Jekyll Feed: Generating feed for posts
                    ...done in 1.814979135 seconds.
                    
      Regenerating: 2 file(s) changed at 2025-08-21 20:26:28
                    nohup.out
                    assets/search-data.json
Generated search data for 216 items
       Jekyll Feed: Generating feed for posts
                    ...done in 1.876103852 seconds.
                    
      Regenerating: 2 file(s) changed at 2025-08-21 20:26:30
                    nohup.out
                    assets/search-data.json
Generated search data for 216 items
       Jekyll Feed: Generating feed for posts
                    ...done in 2.009626427 seconds.
                    
      Regenerating: 2 file(s) changed at 2025-08-21 20:26:33
                    nohup.out
                    assets/search-data.json
Generated search data for 216 items
       Jekyll Feed: Generating feed for posts
                    ...done in 2.260128621 seconds.
                    
      Regenerating: 2 file(s) changed at 2025-08-21 20:26:35
                    nohup.out
                    assets/search-data.json
Generated search data for 216 items
       Jekyll Feed: Generating feed for posts
                    ...done in 1.770764808 seconds.
                    
      Regenerating: 2 file(s) changed at 2025-08-21 20:26:37
                    nohup.out
                    assets/search-data.json
Generated search data for 216 items
       Jekyll Feed: Generating feed for posts
                    ...done in 2.843950106 seconds.
                    
      Regenerating: 2 file(s) changed at 2025-08-21 20:26:40
                    nohup.out
                    assets/search-data.json
Generated search data for 216 items
       Jekyll Feed: Generating feed for posts
                    ...done in 2.210979403 seconds.
                    
      Regenerating: 2 file(s) changed at 2025-08-21 20:26:42
                    nohup.out
                    assets/search-data.json
Generated search data for 216 items
       Jekyll Feed: Generating feed for posts
                    ...done in 1.87567618 seconds.
                    
      Regenerating: 2 file(s) changed at 2025-08-21 20:26:44
                    nohup.out
                    assets/search-data.json
Generated search data for 216 items
       Jekyll Feed: Generating feed for posts
                    ...done in 2.159637953 seconds.
                    
      Regenerating: 2 file(s) changed at 2025-08-21 20:26:46
                    nohup.out
                    assets/search-data.json
Generated search data for 216 items
       Jekyll Feed: Generating feed for posts
                    ...done in 2.325094282 seconds.
                    
      Regenerating: 2 file(s) changed at 2025-08-21 20:26:49
                    nohup.out
                    assets/search-data.json
Generated search data for 216 items
       Jekyll Feed: Generating feed for posts
                    ...done in 1.778924788 seconds.
                    
      Regenerating: 2 file(s) changed at 2025-08-21 20:26:51
                    nohup.out
                    assets/search-data.json
Generated search data for 216 items
       Jekyll Feed: Generating feed for posts
                    ...done in 1.683019637 seconds.
                    
      Regenerating: 2 file(s) changed at 2025-08-21 20:26:52
                    nohup.out
                    assets/search-data.json
Generated search data for 216 items
       Jekyll Feed: Generating feed for posts
                    ...done in 1.662328482 seconds.
                    
      Regenerating: 2 file(s) changed at 2025-08-21 20:26:54
                    nohup.out
                    assets/search-data.json
Generated search data for 216 items
       Jekyll Feed: Generating feed for posts
                    ...done in 1.72316149 seconds.
                    
      Regenerating: 2 file(s) changed at 2025-08-21 20:26:56
                    nohup.out
                    assets/search-data.json
Generated search data for 216 items
       Jekyll Feed: Generating feed for posts
                    ...done in 1.884966777 seconds.
                    
      Regenerating: 2 file(s) changed at 2025-08-21 20:26:58
                    nohup.out
                    assets/search-data.json
Generated search data for 216 items
       Jekyll Feed: Generating feed for posts
                    ...done in 1.850241434 seconds.
                    
      Regenerating: 2 file(s) changed at 2025-08-21 20:27:00
                    nohup.out
                    assets/search-data.json
Generated search data for 216 items
       Jekyll Feed: Generating feed for posts
                    ...done in 2.289889647 seconds.
                    
      Regenerating: 2 file(s) changed at 2025-08-21 20:27:02
                    nohup.out
                    assets/search-data.json
Generated search data for 216 items
       Jekyll Feed: Generating feed for posts
                    ...done in 3.122549228 seconds.
                    
      Regenerating: 2 file(s) changed at 2025-08-21 20:27:05
                    nohup.out
                    assets/search-data.json
Generated search data for 216 items
       Jekyll Feed: Generating feed for posts
                    ...done in 2.706932285 seconds.
                    
      Regenerating: 2 file(s) changed at 2025-08-21 20:27:08
                    nohup.out
                    assets/search-data.json
Generated search data for 216 items
       Jekyll Feed: Generating feed for posts
                    ...done in 2.751786442 seconds.
                    
      Regenerating: 2 file(s) changed at 2025-08-21 20:27:11
                    nohup.out
                    assets/search-data.json
Generated search data for 216 items
       Jekyll Feed: Generating feed for posts
                    ...done in 2.601993742 seconds.
                    
      Regenerating: 2 file(s) changed at 2025-08-21 20:27:14
                    nohup.out
                    assets/search-data.json
Generated search data for 216 items
       Jekyll Feed: Generating feed for posts
                    ...done in 2.481434227 seconds.
                    
      Regenerating: 2 file(s) changed at 2025-08-21 20:27:16
                    nohup.out
                    assets/search-data.json
Generated search data for 216 items
       Jekyll Feed: Generating feed for posts
                    ...done in 2.258189157 seconds.
                    
      Regenerating: 2 file(s) changed at 2025-08-21 20:27:19
                    nohup.out
                    assets/search-data.json
Generated search data for 216 items
       Jekyll Feed: Generating feed for posts
                    ...done in 2.354274399 seconds.
                    
      Regenerating: 2 file(s) changed at 2025-08-21 20:27:21
                    nohup.out
                    assets/search-data.json
Generated search data for 216 items
       Jekyll Feed: Generating feed for posts
                    ...done in 2.952710223 seconds.
                    
      Regenerating: 2 file(s) changed at 2025-08-21 20:27:24
                    nohup.out
                    assets/search-data.json
Generated search data for 216 items
       Jekyll Feed: Generating feed for posts
                    ...done in 2.345545896 seconds.
                    
      Regenerating: 2 file(s) changed at 2025-08-21 20:27:27
                    nohup.out
                    assets/search-data.json
Generated search data for 216 items
       Jekyll Feed: Generating feed for posts
                    ...done in 3.132717504 seconds.
                    
      Regenerating: 2 file(s) changed at 2025-08-21 20:27:30
                    nohup.out
                    assets/search-data.json
Generated search data for 216 items
       Jekyll Feed: Generating feed for posts
                    ...done in 2.923454034 seconds.
                    
      Regenerating: 2 file(s) changed at 2025-08-21 20:27:33
                    nohup.out
                    assets/search-data.json
Generated search data for 216 items
       Jekyll Feed: Generating feed for posts
                    ...done in 3.416867439 seconds.
                    
      Regenerating: 2 file(s) changed at 2025-08-21 20:27:37
                    nohup.out
                    assets/search-data.json
Generated search data for 216 items
       Jekyll Feed: Generating feed for posts
                    ...done in 3.685814153 seconds.
                    
      Regenerating: 3 file(s) changed at 2025-08-21 20:27:40
                    nohup.out
                    assets/search-data.json
                    _pages/members.md
Generated search data for 216 items
       Jekyll Feed: Generating feed for posts
                    ...done in 2.278844288 seconds.
                    
      Regenerating: 2 file(s) changed at 2025-08-21 20:27:43
                    nohup.out
                    assets/search-data.json
Generated search data for 216 items
       Jekyll Feed: Generating feed for posts
                    ...done in 1.832773887 seconds.
                    
      Regenerating: 2 file(s) changed at 2025-08-21 20:27:45
                    nohup.out
                    assets/search-data.json
Generated search data for 216 items
       Jekyll Feed: Generating feed for posts
                    ...done in 2.261087462 seconds.
                    
      Regenerating: 2 file(s) changed at 2025-08-21 20:27:47
                    nohup.out
                    assets/search-data.json
Generated search data for 216 items
       Jekyll Feed: Generating feed for posts
                    ...done in 3.267471197 seconds.
                    
      Regenerating: 3 file(s) changed at 2025-08-21 20:27:50
                    nohup.out
                    assets/search-data.json
                    _pages/members.md
Generated search data for 216 items
       Jekyll Feed: Generating feed for posts
                    ...done in 1.807307475 seconds.
                    
      Regenerating: 2 file(s) changed at 2025-08-21 20:27:52
                    nohup.out
                    assets/search-data.json
Generated search data for 216 items
       Jekyll Feed: Generating feed for posts
[31m                    ------------------------------------------------[0m
[31m      Jekyll 4.3.4   Please append `--trace` to the `serve` command [0m
[31m                     for any additional information or backtrace. [0m
[31m                    ------------------------------------------------[0m
/home/victorrr/Downloads/hiwiwebsiteaddingnewstuff/ag-comp-arith-geom/vendor/bundle/ruby/3.2.0/gems/jekyll-4.3.4/lib/jekyll/commands/serve.rb:286:in `join': SIGTERM (SignalException)
	from /home/victorrr/Downloads/hiwiwebsiteaddingnewstuff/ag-comp-arith-geom/vendor/bundle/ruby/3.2.0/gems/jekyll-4.3.4/lib/jekyll/commands/serve.rb:286:in `boot_or_detach'
	from /home/victorrr/Downloads/hiwiwebsiteaddingnewstuff/ag-comp-arith-geom/vendor/bundle/ruby/3.2.0/gems/jekyll-4.3.4/lib/jekyll/commands/serve.rb:223:in `start_up_webrick'
	from /home/victorrr/Downloads/hiwiwebsiteaddingnewstuff/ag-comp-arith-geom/vendor/bundle/ruby/3.2.0/gems/jekyll-4.3.4/lib/jekyll/commands/serve.rb:102:in `process'
	from /home/victorrr/Downloads/hiwiwebsiteaddingnewstuff/ag-comp-arith-geom/vendor/bundle/ruby/3.2.0/gems/jekyll-4.3.4/lib/jekyll/command.rb:91:in `block in process_with_graceful_fail'
	from /home/victorrr/Downloads/hiwiwebsiteaddingnewstuff/ag-comp-arith-geom/vendor/bundle/ruby/3.2.0/gems/jekyll-4.3.4/lib/jekyll/command.rb:91:in `each'
	from /home/victorrr/Downloads/hiwiwebsiteaddingnewstuff/ag-comp-arith-geom/vendor/bundle/ruby/3.2.0/gems/jekyll-4.3.4/lib/jekyll/command.rb:91:in `process_with_graceful_fail'
	from /home/victorrr/Downloads/hiwiwebsiteaddingnewstuff/ag-comp-arith-geom/vendor/bundle/ruby/3.2.0/gems/jekyll-4.3.4/lib/jekyll/commands/serve.rb:86:in `block (2 levels) in init_with_program'
	from /home/victorrr/Downloads/hiwiwebsiteaddingnewstuff/ag-comp-arith-geom/vendor/bundle/ruby/3.2.0/gems/mercenary-0.4.0/lib/mercenary/command.rb:221:in `block in execute'
	from /home/victorrr/Downloads/hiwiwebsiteaddingnewstuff/ag-comp-arith-geom/vendor/bundle/ruby/3.2.0/gems/mercenary-0.4.0/lib/mercenary/command.rb:221:in `each'
	from /home/victorrr/Downloads/hiwiwebsiteaddingnewstuff/ag-comp-arith-geom/vendor/bundle/ruby/3.2.0/gems/mercenary-0.4.0/lib/mercenary/command.rb:221:in `execute'
	from /home/victorrr/Downloads/hiwiwebsiteaddingnewstuff/ag-comp-arith-geom/vendor/bundle/ruby/3.2.0/gems/mercenary-0.4.0/lib/mercenary/program.rb:44:in `go'
	from /home/victorrr/Downloads/hiwiwebsiteaddingnewstuff/ag-comp-arith-geom/vendor/bundle/ruby/3.2.0/gems/mercenary-0.4.0/lib/mercenary.rb:21:in `program'
	from /home/victorrr/Downloads/hiwiwebsiteaddingnewstuff/ag-comp-arith-geom/vendor/bundle/ruby/3.2.0/gems/jekyll-4.3.4/exe/jekyll:15:in `<top (required)>'
	from /home/victorrr/Downloads/hiwiwebsiteaddingnewstuff/ag-comp-arith-geom/vendor/bundle/ruby/3.2.0/bin/jekyll:25:in `load'
	from /home/victorrr/Downloads/hiwiwebsiteaddingnewstuff/ag-comp-arith-geom/vendor/bundle/ruby/3.2.0/bin/jekyll:25:in `<main>'
